0 info it worked if it ends with ok
1 verbose cli [ '/usr/local/bin/node',
1 verbose cli   '/usr/local/bin/npm',
1 verbose cli   'install',
1 verbose cli   'webpack',
1 verbose cli   '-g' ]
2 info using npm@2.15.5
3 info using node@v4.4.5
4 verbose install initial load of /usr/local/lib/package.json
5 verbose readDependencies loading dependencies from /usr/local/lib/package.json
6 silly cache add args [ 'webpack', null ]
7 verbose cache add spec webpack
8 silly cache add parsed spec Result {
8 silly cache add   raw: 'webpack',
8 silly cache add   scope: null,
8 silly cache add   name: 'webpack',
8 silly cache add   rawSpec: '',
8 silly cache add   spec: 'latest',
8 silly cache add   type: 'tag' }
9 silly addNamed webpack@latest
10 verbose addNamed "latest" is being treated as a dist-tag for webpack
11 info addNameTag [ 'webpack', 'latest' ]
12 silly mapToRegistry name webpack
13 silly mapToRegistry using default registry
14 silly mapToRegistry registry https://registry.npmjs.org/
15 silly mapToRegistry data Result {
15 silly mapToRegistry   raw: 'webpack',
15 silly mapToRegistry   scope: null,
15 silly mapToRegistry   name: 'webpack',
15 silly mapToRegistry   rawSpec: '',
15 silly mapToRegistry   spec: 'latest',
15 silly mapToRegistry   type: 'tag' }
16 silly mapToRegistry uri https://registry.npmjs.org/webpack
17 verbose addNameTag registry:https://registry.npmjs.org/webpack not in flight; fetching
18 verbose request uri https://registry.npmjs.org/webpack
19 verbose request no auth needed
20 info attempt registry request try #1 at 9:17:49 AM
21 verbose request id b61be1d7ea88ad48
22 verbose etag W/"58e50ad2-e8eed"
23 verbose lastModified Wed, 05 Apr 2017 15:18:42 GMT
24 http request GET https://registry.npmjs.org/webpack
25 http 200 https://registry.npmjs.org/webpack
26 verbose headers { server: 'nginx/1.10.1',
26 verbose headers   'content-type': 'application/json',
26 verbose headers   'last-modified': 'Thu, 06 Apr 2017 12:36:05 GMT',
26 verbose headers   etag: 'W/"58e63635-e8efc"',
26 verbose headers   'content-encoding': 'gzip',
26 verbose headers   'cache-control': 'max-age=300',
26 verbose headers   'content-length': '49525',
26 verbose headers   'accept-ranges': 'bytes',
26 verbose headers   date: 'Thu, 06 Apr 2017 14:17:49 GMT',
26 verbose headers   via: '1.1 varnish',
26 verbose headers   age: '240',
26 verbose headers   connection: 'keep-alive',
26 verbose headers   'x-served-by': 'cache-atl6248-ATL',
26 verbose headers   'x-cache': 'HIT',
26 verbose headers   'x-cache-hits': '196',
26 verbose headers   'x-timer': 'S1491488269.881353,VS0,VE0',
26 verbose headers   vary: 'Accept-Encoding' }
27 silly get cb [ 200,
27 silly get   { server: 'nginx/1.10.1',
27 silly get     'content-type': 'application/json',
27 silly get     'last-modified': 'Thu, 06 Apr 2017 12:36:05 GMT',
27 silly get     etag: 'W/"58e63635-e8efc"',
27 silly get     'content-encoding': 'gzip',
27 silly get     'cache-control': 'max-age=300',
27 silly get     'content-length': '49525',
27 silly get     'accept-ranges': 'bytes',
27 silly get     date: 'Thu, 06 Apr 2017 14:17:49 GMT',
27 silly get     via: '1.1 varnish',
27 silly get     age: '240',
27 silly get     connection: 'keep-alive',
27 silly get     'x-served-by': 'cache-atl6248-ATL',
27 silly get     'x-cache': 'HIT',
27 silly get     'x-cache-hits': '196',
27 silly get     'x-timer': 'S1491488269.881353,VS0,VE0',
27 silly get     vary: 'Accept-Encoding' } ]
28 verbose get saving webpack to /Users/vdiaz/.npm/registry.npmjs.org/webpack/.cache.json
29 verbose correctMkdir /Users/vdiaz/.npm correctMkdir not in flight; initializing
30 silly addNameTag next cb for webpack with tag latest
31 silly addNamed webpack@2.3.3
32 verbose addNamed "2.3.3" is a plain semver version for webpack
33 silly cache afterAdd webpack@2.3.3
34 verbose afterAdd /Users/vdiaz/.npm/webpack/2.3.3/package/package.json not in flight; writing
35 verbose correctMkdir /Users/vdiaz/.npm correctMkdir not in flight; initializing
36 verbose afterAdd /Users/vdiaz/.npm/webpack/2.3.3/package/package.json written
37 silly install resolved [ { name: 'webpack',
37 silly install resolved     version: '2.3.3',
37 silly install resolved     author: { name: 'Tobias Koppers @sokra' },
37 silly install resolved     description: 'Packs CommonJs/AMD modules for the browser. Allows to split your codebase into multiple bundles, which can be loaded on demand. Support loaders to preprocess files, i.e. json, jsx, es7, css, less, ... and your custom stuff.',
37 silly install resolved     dependencies:
37 silly install resolved      { acorn: '^4.0.4',
37 silly install resolved        'acorn-dynamic-import': '^2.0.0',
37 silly install resolved        ajv: '^4.7.0',
37 silly install resolved        'ajv-keywords': '^1.1.1',
37 silly install resolved        async: '^2.1.2',
37 silly install resolved        'enhanced-resolve': '^3.0.0',
37 silly install resolved        interpret: '^1.0.0',
37 silly install resolved        'json-loader': '^0.5.4',
37 silly install resolved        'loader-runner': '^2.3.0',
37 silly install resolved        'loader-utils': '^0.2.16',
37 silly install resolved        'memory-fs': '~0.4.1',
37 silly install resolved        mkdirp: '~0.5.0',
37 silly install resolved        'node-libs-browser': '^2.0.0',
37 silly install resolved        'source-map': '^0.5.3',
37 silly install resolved        'supports-color': '^3.1.0',
37 silly install resolved        tapable: '~0.2.5',
37 silly install resolved        'uglify-js': '^2.8.5',
37 silly install resolved        watchpack: '^1.3.1',
37 silly install resolved        'webpack-sources': '^0.2.3',
37 silly install resolved        yargs: '^6.0.0' },
37 silly install resolved     license: 'MIT',
37 silly install resolved     devDependencies:
37 silly install resolved      { 'beautify-lint': '^1.0.3',
37 silly install resolved        benchmark: '^2.1.1',
37 silly install resolved        'bundle-loader': '~0.5.0',
37 silly install resolved        'codacy-coverage': '^2.0.1',
37 silly install resolved        'codecov.io': '^0.1.2',
37 silly install resolved        'coffee-loader': '~0.7.1',
37 silly install resolved        'coffee-script': '^1.10.0',
37 silly install resolved        coveralls: '^2.11.2',
37 silly install resolved        'css-loader': '~0.25.0',
37 silly install resolved        'es6-promise-polyfill': '^1.1.1',
37 silly install resolved        eslint: '3.12.2',
37 silly install resolved        'eslint-plugin-node': '^3.0.5',
37 silly install resolved        express: '~4.13.1',
37 silly install resolved        'extract-text-webpack-plugin': '^2.0.0-beta',
37 silly install resolved        'file-loader': '~0.9.0',
37 silly install resolved        'i18n-webpack-plugin': '^0.3.0',
37 silly install resolved        istanbul: '^0.4.5',
37 silly install resolved        jade: '^1.11.0',
37 silly install resolved        'jade-loader': '~0.8.0',
37 silly install resolved        'js-beautify': '^1.5.10',
37 silly install resolved        less: '^2.5.1',
37 silly install resolved        'less-loader': '^2.0.0',
37 silly install resolved        lodash: '^4.17.4',
37 silly install resolved        mocha: '^3.2.0',
37 silly install resolved        'mocha-lcov-reporter': '^1.0.0',
37 silly install resolved        nsp: '^2.6.1',
37 silly install resolved        'raw-loader': '~0.5.0',
37 silly install resolved        react: '^15.2.1',
37 silly install resolved        'react-dom': '^15.2.1',
37 silly install resolved        'script-loader': '~0.7.0',
37 silly install resolved        should: '^11.1.1',
37 silly install resolved        'simple-git': '^1.65.0',
37 silly install resolved        sinon: '^1.17.7',
37 silly install resolved        'style-loader': '~0.13.0',
37 silly install resolved        'url-loader': '~0.5.0',
37 silly install resolved        'val-loader': '~0.5.0',
37 silly install resolved        'vm-browserify': '~0.0.0',
37 silly install resolved        'webpack-dev-middleware': '^1.9.0',
37 silly install resolved        'worker-loader': '~0.7.0' },
37 silly install resolved     engines: { node: '>=4.3.0 <5.0.0 || >=5.10' },
37 silly install resolved     repository:
37 silly install resolved      { type: 'git',
37 silly install resolved        url: 'git+https://github.com/webpack/webpack.git' },
37 silly install resolved     homepage: 'https://github.com/webpack/webpack',
37 silly install resolved     main: 'lib/webpack.js',
37 silly install resolved     web: 'lib/webpack.web.js',
37 silly install resolved     bin: { webpack: './bin/webpack.js' },
37 silly install resolved     files: [ 'lib/', 'bin/', 'buildin/', 'hot/', 'web_modules/', 'schemas/' ],
37 silly install resolved     scripts:
37 silly install resolved      { test: 'mocha test/*.test.js --harmony --check-leaks',
37 silly install resolved        'travis:test': 'npm run cover:min',
37 silly install resolved        'travis:lint': 'npm run lint-files && npm run nsp',
37 silly install resolved        'travis:benchmark': 'npm run benchmark',
37 silly install resolved        'appveyor:test': 'node --max_old_space_size=4096 node_modules\\mocha\\bin\\mocha --harmony test/*.test.js',
37 silly install resolved        'appveyor:benchmark': 'npm run benchmark',
37 silly install resolved        'build:examples': 'cd examples && node buildAll.js',
37 silly install resolved        pretest: 'npm run lint-files',
37 silly install resolved        'lint-files': 'npm run lint && npm run beautify-lint',
37 silly install resolved        lint: 'eslint lib bin hot buildin test/**/webpack.config.js test/binCases/**/test.js examples/**/webpack.config.js',
37 silly install resolved        'beautify-lint': 'beautify-lint \'lib/**/*.js\' \'hot/**/*.js\' \'bin/**/*.js\' \'benchmark/*.js\' \'test/*.js\'',
37 silly install resolved        nsp: 'nsp check --output summary',
37 silly install resolved        benchmark: 'mocha test/*.benchmark.js --harmony -R spec',
37 silly install resolved        cover: 'node --harmony ./node_modules/istanbul/lib/cli.js cover -x \'**/*.runtime.js\' node_modules/mocha/bin/_mocha -- test/*.test.js',
37 silly install resolved        'cover:min': 'node --harmony ./node_modules/.bin/istanbul cover -x \'**/*.runtime.js\' --report lcovonly node_modules/mocha/bin/_mocha -- test/*.test.js',
37 silly install resolved        'publish-patch': 'npm run lint && npm run beautify-lint && mocha && npm version patch && git push && git push --tags && npm publish' },
37 silly install resolved     gitHead: 'ba24c1b163dc038ed738eb4a57dcb241bf63146d',
37 silly install resolved     bugs: { url: 'https://github.com/webpack/webpack/issues' },
37 silly install resolved     _id: 'webpack@2.3.3',
37 silly install resolved     _shasum: 'eecc083c18fb7bf958ea4f40b57a6640c5a0cc78',
37 silly install resolved     _from: 'webpack@latest',
37 silly install resolved     _npmVersion: '4.0.5',
37 silly install resolved     _nodeVersion: '7.4.0',
37 silly install resolved     _npmUser: { name: 'sokra', email: 'tobias.koppers@googlemail.com' },
37 silly install resolved     dist:
37 silly install resolved      { shasum: 'eecc083c18fb7bf958ea4f40b57a6640c5a0cc78',
37 silly install resolved        tarball: 'https://registry.npmjs.org/webpack/-/webpack-2.3.3.tgz' },
37 silly install resolved     maintainers: [ [Object], [Object], [Object] ],
37 silly install resolved     _npmOperationalInternal:
37 silly install resolved      { host: 'packages-12-west.internal.npmjs.com',
37 silly install resolved        tmp: 'tmp/webpack-2.3.3.tgz_1491205859622_0.6350918470416218' },
37 silly install resolved     directories: {},
37 silly install resolved     _resolved: 'https://registry.npmjs.org/webpack/-/webpack-2.3.3.tgz',
37 silly install resolved     readme: 'ERROR: No README data found!' } ]
38 info install webpack@2.3.3 into /usr/local/lib
39 info installOne webpack@2.3.3
40 verbose installOne of webpack to /usr/local/lib not in flight; installing
41 verbose correctMkdir /Users/vdiaz/.npm/_locks correctMkdir not in flight; initializing
42 verbose lock using /Users/vdiaz/.npm/_locks/webpack-865c90cad072eb35.lock for /usr/local/lib/node_modules/webpack
43 silly install write writing webpack 2.3.3 to /usr/local/lib/node_modules/webpack
44 verbose unbuild lib/node_modules/webpack
45 silly gentlyRm /usr/local/lib/node_modules/webpack is being purged from base /usr/local
46 verbose gentlyRm don't care about contents; nuking /usr/local/lib/node_modules/webpack
47 verbose tar unpack /Users/vdiaz/.npm/webpack/2.3.3/package.tgz
48 verbose tar unpacking to /usr/local/lib/node_modules/webpack
49 silly gentlyRm /usr/local/lib/node_modules/webpack is being purged
50 verbose gentlyRm don't care about contents; nuking /usr/local/lib/node_modules/webpack
51 silly gunzTarPerm modes [ '755', '644' ]
52 error tar.unpack untar error /Users/vdiaz/.npm/webpack/2.3.3/package.tgz
53 verbose unlock done using /Users/vdiaz/.npm/_locks/webpack-865c90cad072eb35.lock for /usr/local/lib/node_modules/webpack
54 verbose fstream_path /usr/local/lib/node_modules/webpack
55 verbose fstream_type Directory
56 verbose fstream_class DirWriter
57 verbose stack Error: EACCES: permission denied, mkdir '/usr/local/lib/node_modules/webpack'
57 verbose stack     at Error (native)
58 verbose fstream_stack /usr/local/lib/node_modules/npm/node_modules/fstream/lib/dir-writer.js:35:25
58 verbose fstream_stack /usr/local/lib/node_modules/npm/node_modules/mkdirp/index.js:47:53
58 verbose fstream_stack FSReqWrap.oncomplete (fs.js:82:15)
59 verbose cwd /Users/vdiaz/Desktop/UT10182016/week-19/nytreact
60 error Darwin 16.3.0
61 error argv "/usr/local/bin/node" "/usr/local/bin/npm" "install" "webpack" "-g"
62 error node v4.4.5
63 error npm  v2.15.5
64 error path /usr/local/lib/node_modules/webpack
65 error code EACCES
66 error errno -13
67 error syscall mkdir
68 error Error: EACCES: permission denied, mkdir '/usr/local/lib/node_modules/webpack'
68 error     at Error (native)
68 error  { [Error: EACCES: permission denied, mkdir '/usr/local/lib/node_modules/webpack']
68 error   errno: -13,
68 error   code: 'EACCES',
68 error   syscall: 'mkdir',
68 error   path: '/usr/local/lib/node_modules/webpack',
68 error   fstream_type: 'Directory',
68 error   fstream_path: '/usr/local/lib/node_modules/webpack',
68 error   fstream_class: 'DirWriter',
68 error   fstream_stack:
68 error    [ '/usr/local/lib/node_modules/npm/node_modules/fstream/lib/dir-writer.js:35:25',
68 error      '/usr/local/lib/node_modules/npm/node_modules/mkdirp/index.js:47:53',
68 error      'FSReqWrap.oncomplete (fs.js:82:15)' ] }
69 error Please try running this command again as root/Administrator.
70 verbose exit [ -13, true ]
71 verbose unbuild lib/node_modules/webpack
72 silly gentlyRm /usr/local/lib/node_modules/webpack is being purged from base /usr/local
73 verbose gentlyRm don't care about contents; nuking /usr/local/lib/node_modules/webpack
